<?xml version="1.0" encoding="UTF-8"?>
<!-- Generated by org.testng.reporters.JUnitReportReporter -->
<testsuite hostname="Murthy" failures="0" tests="3" name="Practice.DataProviderPracticeTest" time="0.013" errors="0" timestamp="2023-07-06T06:24:41 IST" skipped="0">
  <testcase classname="Practice.DataProviderPracticeTest" name="name" time="0.002"/>
  <system-out/>
  <testcase classname="Practice.DataProviderPracticeTest" name="name" time="0.009"/>
  <system-out/>
  <testcase classname="Practice.DataProviderPracticeTest" name="name" time="0.002"/>
  <system-out/>
</testsuite> <!-- Practice.DataProviderPracticeTest -->
