<?xml version="1.0" encoding="UTF-8"?>
<!-- Generated by org.testng.reporters.JUnitReportReporter -->
<testsuite hostname="Murthy" failures="0" tests="1" name="VTigerPomTestNG.CreateOrganizationTest" time="38.614" errors="0" timestamp="2023-07-11T19:00:37 IST" skipped="0">
  <testcase classname="VTigerPomTestNG.CreateOrganizationTest" name="createOrganizationTest" time="38.614"/>
  <system-out/>
</testsuite> <!-- VTigerPomTestNG.CreateOrganizationTest -->
