<?xml version="1.0" encoding="UTF-8"?>
<!-- Generated by org.testng.reporters.JUnitReportReporter -->
<testsuite hostname="Murthy" failures="0" tests="3" name="Practice.Test1" time="0.018" errors="0" timestamp="2023-07-06T05:42:31 IST" skipped="0">
  <testcase classname="Practice.Test1" name="test2" time="0.008"/>
  <system-out/>
  <testcase classname="Practice.Test1" name="test3" time="0.002"/>
  <system-out/>
  <testcase classname="Practice.Test1" name="test1" time="0.008"/>
  <system-out/>
</testsuite> <!-- Practice.Test1 -->
